#
# A fatal error has been detected by the Java Runtime Environment:
#
#  EXCEPTION_ACCESS_VIOLATION (0xc0000005) at pc=0x00000000615fa562, pid=15444, tid=0x00000000000043b8
#
# JRE version: OpenJDK Runtime Environment (8.0_152-b01) (build 1.8.0_152-release-915-b01)
# Java VM: OpenJDK 64-Bit Server VM (25.152-b01 mixed mode windows-amd64 compressed oops)
# Problematic frame:
# V  [jvm.dll+0x8a562]
#
# Failed to write core dump. Minidumps are not enabled by default on client versions of Windows
#
# If you would like to submit a bug report, please visit:
#   http://bugreport.java.com/bugreport/crash.jsp
#

---------------  T H R E A D  ---------------

Current thread (0x000000000324c000):  GCTaskThread [stack: 0x0000000012f00000,0x0000000013000000] [id=17336]

siginfo: ExceptionCode=0xc0000005, reading address 0xffffffffffffffff

Registers:
RAX=0x0005008500000000, RBX=0x00000000eb03ddb8, RCX=0x0000000001800170, RDX=0x00000000eb03ddb8
RSP=0x0000000012fff8d8, RBP=0x0000000000000000, RSI=0x000000000331cb40, RDI=0x0000000024e617b0
R8 =0x0000000000000000, R9 =0x0000000001800170, R10=0x0000001020123fa9, R11=0x00000000fa9adfe8
R12=0x0000000061b850c8, R13=0x0031002e00360032, R14=0x0000000000000000, R15=0x000000000324c600
RIP=0x00000000615fa562, EFLAGS=0x0000000000010246

Top of Stack: (sp=0x0000000012fff8d8)
0x0000000012fff8d8:   000000006193c0d2 00000000f010fbd8
0x0000000012fff8e8:   0000000000000009 000000000331cb40
0x0000000012fff8f8:   000000000331cb40 00000000fa9a8330
0x0000000012fff908:   0000000000001000 00000000ed993f88
0x0000000012fff918:   0000000012fffa40 0000000000000000
0x0000000012fff928:   0000000003242e01 0000000061b850c8
0x0000000012fff938:   000000006193c440 00000000fa9ae000
0x0000000012fff948:   0000000000000000 000000000331cb40
0x0000000012fff958:   0000000024e617b0 00000000fa9ae000
0x0000000012fff968:   000000006193ce15 00000000f0036fb0
0x0000000012fff978:   0000000000000000 000000000331cb40
0x0000000012fff988:   000000006193c351 00000000edd89100
0x0000000012fff998:   0000000000000006 000000000331cb40
0x0000000012fff9a8:   0001ed77000176c5 0000000024e616f0
0x0000000012fff9b8:   0001ed77000176c6 0000000003231a50
0x0000000012fff9c8:   0001ed77000176c5 000000000324c5f0 

Instructions: (pc=0x00000000615fa562)
0x00000000615fa542:   e2 49 8d 0c 11 49 f7 d1 48 03 c1 49 c1 e9 03 48
0x00000000615fa552:   c1 e8 03 41 23 c1 c3 48 8b 02 48 8b d1 49 8b c9
0x00000000615fa562:   48 ff a0 e8 00 00 00 cc cc cc cc cc cc cc 80 3d
0x00000000615fa572:   3a f3 72 00 00 48 8b c1 74 1b 8b 51 08 8b 0d d3 


Register to memory mapping:

RAX=0x0005008500000000 is an unknown value
RBX=0x00000000eb03ddb8 is an oop

[error occurred during error reporting (printing register info), id 0xc0000005]

Stack: [0x0000000012f00000,0x0000000013000000],  sp=0x0000000012fff8d8,  free space=1022k
Native frames: (J=compiled Java code, j=interpreted, Vv=VM code, C=native code)


---------------  P R O C E S S  ---------------

Java Threads: ( => current thread )
  0x0000000020ecb000 JavaThread "Cache worker for Java compile cache (D:\Android_Project\AndroidDemo\.gradle\4.1\javaCompile)" [_thread_blocked, id=6920, stack(0x00000000741b0000,0x00000000742b0000)]
  0x0000000020ec6000 JavaThread "RMI TCP Connection(4)-127.0.0.1" daemon [_thread_in_native, id=14864, stack(0x00000000740b0000,0x00000000741b0000)]
  0x0000000020ec5000 JavaThread "RMI TCP Connection(3)-127.0.0.1" daemon [_thread_in_native, id=5464, stack(0x0000000073fb0000,0x00000000740b0000)]
  0x00000000197c7800 JavaThread "RMI RenewClean-[localhost:17060,org.jetbrains.kotlin.daemon.common.LoopbackNetworkInterface$ClientLoopbackSocketFactory@47ea9ee8]" daemon [_thread_blocked, id=14172, stack(0x0000000073eb0000,0x0000000073fb0000)]
  0x0000000020ec3800 JavaThread "Task worker for ':' Thread 3" [_thread_blocked, id=11928, stack(0x00000000723b0000,0x00000000724b0000)]
  0x000000001c56b800 JavaThread "Task worker for ':' Thread 2" [_thread_blocked, id=11428, stack(0x00000000722b0000,0x00000000723b0000)]
  0x000000001c56a000 JavaThread "Task worker for ':'" [_thread_blocked, id=18300, stack(0x00000000721b0000,0x00000000722b0000)]
  0x000000001c56c800 JavaThread "Cache worker for task history cache (D:\Android_Project\AndroidDemo\.gradle\4.1\taskHistory)" [_thread_blocked, id=2088, stack(0x00000000720b0000,0x00000000721b0000)]
  0x000000001c56b000 JavaThread "Cache worker for file content cache (D:\Android_Project\AndroidDemo\.gradle\4.1\fileContent)" [_thread_blocked, id=12908, stack(0x0000000071fb0000,0x00000000720b0000)]
  0x000000001c569800 JavaThread "build operations Thread 4" [_thread_blocked, id=7780, stack(0x0000000071eb0000,0x0000000071fb0000)]
  0x000000001c56d000 JavaThread "build operations Thread 3" [_thread_blocked, id=16240, stack(0x0000000071db0000,0x0000000071eb0000)]
  0x000000001c568800 JavaThread "build operations Thread 2" [_thread_blocked, id=5380, stack(0x0000000071cb0000,0x0000000071db0000)]
  0x000000001c561800 JavaThread "build operations" [_thread_blocked, id=1632, stack(0x0000000071bb0000,0x0000000071cb0000)]
  0x000000001c568000 JavaThread "Cache worker for Artifact transforms cache (C:\Users\zkt\.gradle\caches\transforms-1)" [_thread_blocked, id=7464, stack(0x0000000071ab0000,0x0000000071bb0000)]
  0x000000001c565800 JavaThread "Cache worker for file hash cache (D:\Android_Project\AndroidDemo\.gradle\4.1\fileHashes)" [_thread_blocked, id=8060, stack(0x00000000719b0000,0x0000000071ab0000)]
  0x000000001c564000 JavaThread "Stdin handler" [_thread_blocked, id=12120, stack(0x00000000718b0000,0x00000000719b0000)]
  0x000000001c561000 JavaThread "Asynchronous log dispatcher for DefaultDaemonConnection: socket connection from /127.0.0.1:53412 to /127.0.0.1:64775" [_thread_blocked, id=10996, stack(0x00000000717b0000,0x00000000718b0000)]
  0x000000001c560000 JavaThread "Daemon worker Thread 14" [_thread_blocked, id=15760, stack(0x00000000716b0000,0x00000000717b0000)]
  0x000000001c567000 JavaThread "Cancel handler" [_thread_blocked, id=5224, stack(0x00000000715b0000,0x00000000716b0000)]
  0x000000001c562800 JavaThread "Handler for socket connection from /127.0.0.1:53412 to /127.0.0.1:64775" [_thread_in_native, id=10836, stack(0x00000000714b0000,0x00000000715b0000)]
  0x000000001c563000 JavaThread "Daemon Thread 14" [_thread_blocked, id=13992, stack(0x00000000713b0000,0x00000000714b0000)]
  0x000000001a436800 JavaThread "RMI Reaper" [_thread_blocked, id=12008, stack(0x0000000063fb0000,0x00000000640b0000)]
  0x000000001a429800 JavaThread "RMI TCP Accept-0" daemon [_thread_in_native, id=16828, stack(0x0000000063eb0000,0x0000000063fb0000)]
  0x000000001a42a800 JavaThread "GC Daemon" daemon [_thread_blocked, id=13368, stack(0x0000000063db0000,0x0000000063eb0000)]
  0x000000001a429000 JavaThread "RMI RenewClean-[localhost:17060,org.jetbrains.kotlin.daemon.common.LoopbackNetworkInterface$ClientLoopbackSocketFactory@2734777e]" daemon [_thread_blocked, id=4112, stack(0x0000000063cb0000,0x0000000063db0000)]
  0x000000001a42f800 JavaThread "RMI Scheduler(0)" daemon [_thread_blocked, id=15608, stack(0x0000000063bb0000,0x0000000063cb0000)]
  0x00000000272b4000 JavaThread "Java2D Disposer" daemon [_thread_blocked, id=16496, stack(0x000000005e630000,0x000000005e730000)]
  0x000000001a432800 JavaThread "pool-72-thread-1" [_thread_blocked, id=7372, stack(0x0000000056f30000,0x0000000057030000)]
  0x000000001f967000 JavaThread "pool-67-thread-1" [_thread_blocked, id=14976, stack(0x0000000055930000,0x0000000055a30000)]
  0x00000000197cc800 JavaThread "Memory manager" [_thread_blocked, id=16412, stack(0x0000000022130000,0x0000000022230000)]
  0x00000000197cb000 JavaThread "pool-1-thread-1" [_thread_blocked, id=4756, stack(0x0000000022030000,0x0000000022130000)]
  0x000000001a071800 JavaThread "File lock request listener" [_thread_in_native, id=16832, stack(0x000000001c300000,0x000000001c400000)]
  0x0000000019f89000 JavaThread "Cache worker for file hash cache (C:\Users\zkt\.gradle\caches\4.1\fileHashes)" [_thread_blocked, id=6932, stack(0x000000001c200000,0x000000001c300000)]
  0x000000001a542000 JavaThread "Daemon periodic checks" [_thread_blocked, id=14068, stack(0x000000001b700000,0x000000001b800000)]
  0x0000000019696800 JavaThread "Incoming local TCP Connector on port 53412" [_thread_in_native, id=9568, stack(0x0000000019350000,0x0000000019450000)]
  0x00000000180dc000 JavaThread "Service Thread" daemon [_thread_blocked, id=6208, stack(0x0000000018950000,0x0000000018a50000)]
  0x000000001805f000 JavaThread "C1 CompilerThread2" daemon [_thread_blocked, id=5384, stack(0x0000000018850000,0x0000000018950000)]
  0x0000000016cfc000 JavaThread "C2 CompilerThread1" daemon [_thread_blocked, id=16320, stack(0x0000000018750000,0x0000000018850000)]
  0x0000000016cf9000 JavaThread "C2 CompilerThread0" daemon [_thread_blocked, id=13072, stack(0x0000000018650000,0x0000000018750000)]
  0x0000000016cae800 JavaThread "Attach Listener" daemon [_thread_blocked, id=11720, stack(0x0000000018550000,0x0000000018650000)]
  0x0000000018058800 JavaThread "Signal Dispatcher" daemon [_thread_blocked, id=11552, stack(0x0000000018450000,0x0000000018550000)]
  0x000000000332e800 JavaThread "Finalizer" daemon [_thread_blocked, id=5124, stack(0x0000000017ef0000,0x0000000017ff0000)]
  0x0000000003322000 JavaThread "Reference Handler" daemon [_thread_blocked, id=15108, stack(0x0000000017df0000,0x0000000017ef0000)]
  0x000000000114d800 JavaThread "main" [_thread_blocked, id=17420, stack(0x0000000002d90000,0x0000000002e90000)]

Other Threads:
  0x0000000016c65000 VMThread [stack: 0x0000000017cf0000,0x0000000017df0000] [id=10620]
  0x00000000180dd000 WatcherThread [stack: 0x0000000018a50000,0x0000000018b50000] [id=7704]

=>0x000000000324c000 (exited) GCTaskThread [stack: 0x0000000012f00000,0x0000000013000000] [id=17336]

VM state:at safepoint (normal execution)

VM Mutex/Monitor currently owned by a thread:  ([mutex/lock_event])
[0x000000000114d230] Threads_lock - owner thread: 0x0000000016c65000
[0x000000000114cfb0] Heap_lock - owner thread: 0x000000001c56b800

Heap:
 PSYoungGen      total 305152K, used 304784K [0x00000000e0000000, 0x0000000100000000, 0x0000000100000000)
  eden space 212992K, 100% used [0x00000000e0000000,0x00000000ed000000,0x00000000ed000000)
  from space 92160K, 99% used [0x00000000ed000000,0x00000000f29a41b8,0x00000000f2a00000)
  to   space 159232K, 58% used [0x00000000f6480000,0x00000000fbf988a0,0x0000000100000000)
 ParOldGen       total 1010688K, used 314888K [0x00000000a0000000, 0x00000000ddb00000, 0x00000000e0000000)
  object space 1010688K, 31% used [0x00000000a0000000,0x00000000b3382250,0x00000000ddb00000)
 Metaspace       used 161760K, capacity 173676K, committed 174848K, reserved 1202176K
  class space    used 19043K, capacity 21607K, committed 21760K, reserved 1048576K

Card table byte_map: [0x00000000126f0000,0x0000000012a00000] byte_map_base: 0x00000000121f0000

Marking Bits: (ParMarkBitMap*) 0x0000000061d33950
 Begin Bits: [0x0000000013000000, 0x0000000014800000)
 End Bits:   [0x0000000014800000, 0x0000000016000000)

Polling page: 0x0000000000df0000

CodeCache: size=245760Kb used=140998Kb max_used=142234Kb free=104761Kb
 bounds [0x0000000003330000, 0x000000000bf60000, 0x0000000012330000]
 total_blobs=36600 nmethods=35529 adapters=979
 compilation: enabled

Compilation events (10 events):
Event: 8950.622 Thread 0x0000000016cf9000 nmethod 53557 0x00000000045f0b10 code [0x00000000045f0c60, 0x00000000045f0df8]
Event: 8950.649 Thread 0x000000001805f000 53561       3       com.sun.tools.javac.parser.JavadocTokenizer$DocReader::convertUnicode (246 bytes)
Event: 8950.650 Thread 0x000000001805f000 nmethod 53561 0x000000000555cd90 code [0x000000000555cf40, 0x000000000555d5d8]
Event: 8950.656 Thread 0x0000000016cf9000 53562       4       com.sun.tools.javac.tree.TreeMaker::TopLevel (134 bytes)
Event: 8950.662 Thread 0x0000000016cf9000 nmethod 53562 0x0000000005c74c10 code [0x0000000005c74da0, 0x0000000005c75188]
Event: 8950.664 Thread 0x000000001805f000 53563       3       com.sun.tools.javac.parser.JavacParser::typeDeclaration (56 bytes)
Event: 8950.665 Thread 0x000000001805f000 nmethod 53563 0x000000000a50c390 code [0x000000000a50c5a0, 0x000000000a50cde8]
Event: 8950.946 Thread 0x0000000016cf9000 53564       4       com.sun.tools.javac.jvm.ClassReader::fillIn (592 bytes)
Event: 8951.003 Thread 0x0000000016cf9000 nmethod 53564 0x000000000b67ead0 code [0x000000000b67ede0, 0x000000000b680008]
Event: 8951.060 Thread 0x0000000016cfc000 nmethod 53556 0x000000000b5adbd0 code [0x000000000b5ae6c0, 0x000000000b5b60a8]

GC Heap History (10 events):
Event: 8836.978 GC heap after
Heap after GC invocations=143 (full 10):
 PSYoungGen      total 368128K, used 6505K [0x00000000e0000000, 0x00000000ffe00000, 0x0000000100000000)
  eden space 215040K, 0% used [0x00000000e0000000,0x00000000e0000000,0x00000000ed200000)
  from space 153088K, 4% used [0x00000000ed200000,0x00000000ed85a608,0x00000000f6780000)
  to   space 152064K, 0% used [0x00000000f6980000,0x00000000f6980000,0x00000000ffe00000)
 ParOldGen       total 1010688K, used 314888K [0x00000000a0000000, 0x00000000ddb00000, 0x00000000e0000000)
  object space 1010688K, 31% used [0x00000000a0000000,0x00000000b3382250,0x00000000ddb00000)
 Metaspace       used 158786K, capacity 169890K, committed 172288K, reserved 1200128K
  class space    used 18682K, capacity 21067K, committed 21504K, reserved 1048576K
}
Event: 8853.421 GC heap before
{Heap before GC invocations=144 (full 10):
 PSYoungGen      total 368128K, used 221545K [0x00000000e0000000, 0x00000000ffe00000, 0x0000000100000000)
  eden space 215040K, 100% used [0x00000000e0000000,0x00000000ed200000,0x00000000ed200000)
  from space 153088K, 4% used [0x00000000ed200000,0x00000000ed85a608,0x00000000f6780000)
  to   space 152064K, 0% used [0x00000000f6980000,0x00000000f6980000,0x00000000ffe00000)
 ParOldGen       total 1010688K, used 314888K [0x00000000a0000000, 0x00000000ddb00000, 0x00000000e0000000)
  object space 1010688K, 31% used [0x00000000a0000000,0x00000000b3382250,0x00000000ddb00000)
 Metaspace       used 159800K, capacity 171244K, committed 172928K, reserved 1200128K
  class space    used 18850K, capacity 21309K, committed 21632K, reserved 1048576K
Event: 8853.435 GC heap after
Heap after GC invocations=144 (full 10):
 PSYoungGen      total 366080K, used 8733K [0x00000000e0000000, 0x00000000ff900000, 0x0000000100000000)
  eden space 219136K, 0% used [0x00000000e0000000,0x00000000e0000000,0x00000000ed600000)
  from space 146944K, 5% used [0x00000000f6980000,0x00000000f7207560,0x00000000ff900000)
  to   space 148992K, 0% used [0x00000000ed600000,0x00000000ed600000,0x00000000f6780000)
 ParOldGen       total 1010688K, used 314888K [0x00000000a0000000, 0x00000000ddb00000, 0x00000000e0000000)
  object space 1010688K, 31% used [0x00000000a0000000,0x00000000b3382250,0x00000000ddb00000)
 Metaspace       used 159800K, capacity 171244K, committed 172928K, reserved 1200128K
  class space    used 18850K, capacity 21309K, committed 21632K, reserved 1048576K
}
Event: 8858.557 GC heap before
{Heap before GC invocations=145 (full 10):
 PSYoungGen      total 366080K, used 227869K [0x00000000e0000000, 0x00000000ff900000, 0x0000000100000000)
  eden space 219136K, 100% used [0x00000000e0000000,0x00000000ed600000,0x00000000ed600000)
  from space 146944K, 5% used [0x00000000f6980000,0x00000000f7207560,0x00000000ff900000)
  to   space 148992K, 0% used [0x00000000ed600000,0x00000000ed600000,0x00000000f6780000)
 ParOldGen       total 1010688K, used 314888K [0x00000000a0000000, 0x00000000ddb00000, 0x00000000e0000000)
  object space 1010688K, 31% used [0x00000000a0000000,0x00000000b3382250,0x00000000ddb00000)
 Metaspace       used 161309K, capacity 172996K, committed 174336K, reserved 1202176K
  class space    used 18966K, capacity 21461K, committed 21760K, reserved 1048576K
Event: 8858.640 GC heap after
Heap after GC invocations=145 (full 10):
 PSYoungGen      total 368128K, used 63273K [0x00000000e0000000, 0x00000000ffa00000, 0x0000000100000000)
  eden space 219136K, 0% used [0x00000000e0000000,0x00000000e0000000,0x00000000ed600000)
  from space 148992K, 42% used [0x00000000ed600000,0x00000000f13ca540,0x00000000f6780000)
  to   space 144896K, 0% used [0x00000000f6c80000,0x00000000f6c80000,0x00000000ffa00000)
 ParOldGen       total 1010688K, used 314888K [0x00000000a0000000, 0x00000000ddb00000, 0x00000000e0000000)
  object space 1010688K, 31% used [0x00000000a0000000,0x00000000b3382250,0x00000000ddb00000)
 Metaspace       used 161309K, capacity 172996K, committed 174336K, reserved 1202176K
  class space    used 18966K, capacity 21461K, committed 21760K, reserved 1048576K
}
Event: 8864.185 GC heap before
{Heap before GC invocations=146 (full 10):
 PSYoungGen      total 368128K, used 282409K [0x00000000e0000000, 0x00000000ffa00000, 0x0000000100000000)
  eden space 219136K, 100% used [0x00000000e0000000,0x00000000ed600000,0x00000000ed600000)
  from space 148992K, 42% used [0x00000000ed600000,0x00000000f13ca540,0x00000000f6780000)
  to   space 144896K, 0% used [0x00000000f6c80000,0x00000000f6c80000,0x00000000ffa00000)
 ParOldGen       total 1010688K, used 314888K [0x00000000a0000000, 0x00000000ddb00000, 0x00000000e0000000)
  object space 1010688K, 31% used [0x00000000a0000000,0x00000000b3382250,0x00000000ddb00000)
 Metaspace       used 161328K, capacity 173024K, committed 174336K, reserved 1202176K
  class space    used 18969K, capacity 21465K, committed 21760K, reserved 1048576K
Event: 8864.294 GC heap after
Heap after GC invocations=146 (full 10):
 PSYoungGen      total 357888K, used 102887K [0x00000000e0000000, 0x0000000100000000, 0x0000000100000000)
  eden space 212992K, 0% used [0x00000000e0000000,0x00000000e0000000,0x00000000ed000000)
  from space 144896K, 71% used [0x00000000f6c80000,0x00000000fd0f9e00,0x00000000ffa00000)
  to   space 155648K, 0% used [0x00000000ed000000,0x00000000ed000000,0x00000000f6800000)
 ParOldGen       total 1010688K, used 314888K [0x00000000a0000000, 0x00000000ddb00000, 0x00000000e0000000)
  object space 1010688K, 31% used [0x00000000a0000000,0x00000000b3382250,0x00000000ddb00000)
 Metaspace       used 161328K, capacity 173024K, committed 174336K, reserved 1202176K
  class space    used 18969K, capacity 21465K, committed 21760K, reserved 1048576K
}
Event: 8943.198 GC heap before
{Heap before GC invocations=147 (full 10):
 PSYoungGen      total 357888K, used 315879K [0x00000000e0000000, 0x0000000100000000, 0x0000000100000000)
  eden space 212992K, 100% used [0x00000000e0000000,0x00000000ed000000,0x00000000ed000000)
  from space 144896K, 71% used [0x00000000f6c80000,0x00000000fd0f9e00,0x00000000ffa00000)
  to   space 155648K, 0% used [0x00000000ed000000,0x00000000ed000000,0x00000000f6800000)
 ParOldGen       total 1010688K, used 314888K [0x00000000a0000000, 0x00000000ddb00000, 0x00000000e0000000)
  object space 1010688K, 31% used [0x00000000a0000000,0x00000000b3382250,0x00000000ddb00000)
 Metaspace       used 161443K, capacity 173224K, committed 174592K, reserved 1202176K
  class space    used 18987K, capacity 21517K, committed 21760K, reserved 1048576K
Event: 8943.265 GC heap after
Heap after GC invocations=147 (full 10):
 PSYoungGen      total 305152K, used 91792K [0x00000000e0000000, 0x0000000100000000, 0x0000000100000000)
  eden space 212992K, 0% used [0x00000000e0000000,0x00000000e0000000,0x00000000ed000000)
  from space 92160K, 99% used [0x00000000ed000000,0x00000000f29a41b8,0x00000000f2a00000)
  to   space 159232K, 0% used [0x00000000f6480000,0x00000000f6480000,0x0000000100000000)
 ParOldGen       total 1010688K, used 314888K [0x00000000a0000000, 0x00000000ddb00000, 0x00000000e0000000)
  object space 1010688K, 31% used [0x00000000a0000000,0x00000000b3382250,0x00000000ddb00000)
 Metaspace       used 161443K, capacity 173224K, committed 174592K, reserved 1202176K
  class space    used 18987K, capacity 21517K, committed 21760K, reserved 1048576K
}
Event: 8951.115 GC heap before
{Heap before GC invocations=148 (full 10):
 PSYoungGen      total 305152K, used 304784K [0x00000000e0000000, 0x0000000100000000, 0x0000000100000000)
  eden space 212992K, 100% used [0x00000000e0000000,0x00000000ed000000,0x00000000ed000000)
  from space 92160K, 99% used [0x00000000ed000000,0x00000000f29a41b8,0x00000000f2a00000)
  to   space 159232K, 0% used [0x00000000f6480000,0x00000000f6480000,0x0000000100000000)
 ParOldGen       total 1010688K, used 314888K [0x00000000a0000000, 0x00000000ddb00000, 0x00000000e0000000)
  object space 1010688K, 31% used [0x00000000a0000000,0x00000000b3382250,0x00000000ddb00000)
 Metaspace       used 161760K, capacity 173676K, committed 174848K, reserved 1202176K
  class space    used 19043K, capacity 21607K, committed 21760K, reserved 1048576K

Deoptimization events (10 events):
Event: 8943.571 Thread 0x000000001c560000 Uncommon trap: reason=array_check action=maybe_recompile pc=0x000000000b90430c method=com.google.common.collect.ImmutableSortedMap.fromEntries(Ljava/util/Comparator;ZI[Ljava/util/Map$Entry;)Lcom/google/common/collect/ImmutableSortedMap; @ 35
Event: 8943.571 Thread 0x000000001c560000 Uncommon trap: reason=array_check action=maybe_recompile pc=0x000000000b90430c method=com.google.common.collect.ImmutableSortedMap.fromEntries(Ljava/util/Comparator;ZI[Ljava/util/Map$Entry;)Lcom/google/common/collect/ImmutableSortedMap; @ 35
Event: 8943.571 Thread 0x000000001c560000 Uncommon trap: reason=array_check action=maybe_recompile pc=0x000000000b90430c method=com.google.common.collect.ImmutableSortedMap.fromEntries(Ljava/util/Comparator;ZI[Ljava/util/Map$Entry;)Lcom/google/common/collect/ImmutableSortedMap; @ 35
Event: 8943.788 Thread 0x000000001c560000 Uncommon trap: reason=speculate_class_check action=maybe_recompile pc=0x0000000007da936c method=com.android.ide.common.res2.ResourceItem.getKey()Ljava/lang/String; @ 35
Event: 8943.868 Thread 0x000000001c560000 Uncommon trap: reason=unstable_if action=reinterpret pc=0x000000000a8ca598 method=com.android.ide.common.res2.DataMerger.mergeData(Lcom/android/ide/common/res2/MergeConsumer;Z)V @ 358
Event: 8946.674 Thread 0x000000001c56b800 Uncommon trap: reason=bimorphic action=maybe_recompile pc=0x0000000003d8c558 method=java.util.WeakHashMap.eq(Ljava/lang/Object;Ljava/lang/Object;)Z @ 7
Event: 8946.690 Thread 0x0000000020ec5000 Uncommon trap: reason=class_check action=maybe_recompile pc=0x0000000004a163f0 method=java.lang.ThreadLocal.set(Ljava/lang/Object;)V @ 26
Event: 8948.207 Thread 0x0000000020ec6000 Uncommon trap: reason=class_check action=maybe_recompile pc=0x0000000004a163f0 method=java.lang.ThreadLocal.set(Ljava/lang/Object;)V @ 26
Event: 8950.442 Thread 0x000000001c56b800 Uncommon trap: reason=class_check action=maybe_recompile pc=0x000000000676b394 method=java.net.URLClassLoader.defineClass(Ljava/lang/String;Lsun/misc/Resource;)Ljava/lang/Class; @ 34
Event: 8950.519 Thread 0x000000001c56b800 Uncommon trap: reason=class_check action=maybe_recompile pc=0x000000000b094df4 method=com.sun.tools.javac.parser.JavacParser.foldStrings(Lcom/sun/tools/javac/tree/JCTree$JCExpression;)Lcom/sun/tools/javac/tree/JCTree$JCExpression; @ 126

Classes redefined (0 events):
No events

Internal exceptions (10 events):
Event: 8863.601 Thread 0x000000001c568800 Exception <a 'java/io/FileNotFoundException'> (0x00000000ecb88f68) thrown at [D:\src\AOSP-openjdk-cygwin\jdk8u\hotspot\src\share\vm\prims\jni.cpp, line 709]
Event: 8867.104 Thread 0x0000000020ec5000 Exception <a 'sun/nio/fs/WindowsException'> (0x00000000e3fa08f8) thrown at [D:\src\AOSP-openjdk-cygwin\jdk8u\hotspot\src\share\vm\prims\jni.cpp, line 709]
Event: 8867.106 Thread 0x000000001f95a000 Exception <a 'sun/nio/fs/WindowsException'> (0x00000000e4204f98) thrown at [D:\src\AOSP-openjdk-cygwin\jdk8u\hotspot\src\share\vm\prims\jni.cpp, line 709]
Event: 8867.110 Thread 0x0000000020ec6000 Exception <a 'sun/nio/fs/WindowsException'> (0x00000000e4306580) thrown at [D:\src\AOSP-openjdk-cygwin\jdk8u\hotspot\src\share\vm\prims\jni.cpp, line 709]
Event: 8867.218 Thread 0x000000001f95b800 Exception <a 'sun/nio/fs/WindowsException'> (0x00000000e5e371d0) thrown at [D:\src\AOSP-openjdk-cygwin\jdk8u\hotspot\src\share\vm\prims\jni.cpp, line 709]
Event: 8867.998 Thread 0x000000001c567000 Exception <a 'sun/nio/fs/WindowsException'> (0x00000000e80765e0) thrown at [D:\src\AOSP-openjdk-cygwin\jdk8u\hotspot\src\share\vm\prims\jni.cpp, line 709]
Event: 8942.754 Thread 0x000000001c560000 Exception <a 'java/lang/ClassNotFoundException': sync_local_repo6984_f44k7eapmsqaej7ie1zvk6gioBeanInfo> (0x00000000e898e918) thrown at [D:\src\AOSP-openjdk-cygwin\jdk8u\hotspot\src\share\vm\classfile\systemDictionary.cpp, line 210]
Event: 8942.754 Thread 0x000000001c560000 Exception <a 'java/lang/ClassNotFoundException': sync_local_repo6984_f44k7eapmsqaej7ie1zvk6gioCustomizer> (0x00000000e8999150) thrown at [D:\src\AOSP-openjdk-cygwin\jdk8u\hotspot\src\share\vm\classfile\systemDictionary.cpp, line 210]
Event: 8942.988 Thread 0x000000001c560000 Exception <a 'sun/nio/fs/WindowsException'> (0x00000000ebb83ca0) thrown at [D:\src\AOSP-openjdk-cygwin\jdk8u\hotspot\src\share\vm\prims\jni.cpp, line 709]
Event: 8946.678 Thread 0x00000000197c7800 Exception <a 'java/lang/InterruptedException'> (0x00000000e6938668) thrown at [D:\src\AOSP-openjdk-cygwin\jdk8u\hotspot\src\share\vm\runtime\objectMonitor.cpp, line 1684]

Events (10 events):
Event: 8950.673 Executing VM operation: RevokeBias
Event: 8950.673 Executing VM operation: RevokeBias done
Event: 8950.673 Executing VM operation: RevokeBias
Event: 8950.673 Executing VM operation: RevokeBias done
Event: 8950.674 Executing VM operation: BulkRevokeBias
Event: 8950.674 Executing VM operation: BulkRevokeBias done
Event: 8951.004 Thread 0x0000000016cf9000 flushing nmethod 0x00000000034c8b90
Event: 8951.060 Thread 0x0000000016cfc000 flushing nmethod 0x00000000038a72d0
Event: 8951.061 Thread 0x0000000016cfc000 flushing nmethod 0x0000000003cf8d90
Event: 8951.115 Executing VM operation: ParallelGCFailedAllocation


Dynamic libraries:
0x00007ff6f2030000 - 0x00007ff6f2061000 	D:\AndroidStudio1\jre\bin\java.exe
0x00007ffd9d150000 - 0x00007ffd9d322000 	C:\WINDOWS\SYSTEM32\ntdll.dll
0x00007ffd9d0a0000 - 0x00007ffd9d14c000 	C:\WINDOWS\System32\KERNEL32.DLL
0x00007ffd99b60000 - 0x00007ffd99d7d000 	C:\WINDOWS\System32\KERNELBASE.dll
0x00007ffd9cac0000 - 0x00007ffd9cb62000 	C:\WINDOWS\System32\ADVAPI32.dll
0x00007ffd9ac10000 - 0x00007ffd9acae000 	C:\WINDOWS\System32\msvcrt.dll
0x00007ffd9b300000 - 0x00007ffd9b359000 	C:\WINDOWS\System32\sechost.dll
0x00007ffd9c920000 - 0x00007ffd9ca41000 	C:\WINDOWS\System32\RPCRT4.dll
0x00007ffd9a8b0000 - 0x00007ffd9aa15000 	C:\WINDOWS\System32\USER32.dll
0x00007ffd99650000 - 0x00007ffd9966e000 	C:\WINDOWS\System32\win32u.dll
0x00007ffd9ab60000 - 0x00007ffd9ab94000 	C:\WINDOWS\System32\GDI32.dll
0x00007ffd99d80000 - 0x00007ffd99f00000 	C:\WINDOWS\System32\gdi32full.dll
0x00007ffd8b430000 - 0x00007ffd8b6aa000 	C:\WINDOWS\WinSxS\amd64_microsoft.windows.common-controls_6595b64144ccf1df_6.0.14393.953_none_42151e83c686086b\COMCTL32.dll
0x00007ffd9acb0000 - 0x00007ffd9af78000 	C:\WINDOWS\System32\combase.dll
0x00007ffd99f00000 - 0x00007ffd99ff5000 	C:\WINDOWS\System32\ucrtbase.dll
0x00007ffd999f0000 - 0x00007ffd99a5a000 	C:\WINDOWS\System32\bcryptPrimitives.dll
0x00007ffd9af80000 - 0x00007ffd9afae000 	C:\WINDOWS\System32\IMM32.DLL
0x0000000061490000 - 0x0000000061562000 	D:\AndroidStudio1\jre\jre\bin\msvcr100.dll
0x0000000061570000 - 0x0000000061dae000 	D:\AndroidStudio1\jre\jre\bin\server\jvm.dll
0x00007ffd9ac00000 - 0x00007ffd9ac08000 	C:\WINDOWS\System32\PSAPI.DLL
0x00007ffd8ab40000 - 0x00007ffd8ab49000 	C:\WINDOWS\SYSTEM32\WSOCK32.dll
0x00007ffd97af0000 - 0x00007ffd97b13000 	C:\WINDOWS\SYSTEM32\WINMM.dll
0x00007ffd9b070000 - 0x00007ffd9b0da000 	C:\WINDOWS\System32\WS2_32.dll
0x00007ffd8ab30000 - 0x00007ffd8ab3a000 	C:\WINDOWS\SYSTEM32\VERSION.dll
0x00007ffd97a90000 - 0x00007ffd97abb000 	C:\WINDOWS\SYSTEM32\WINMMBASE.dll
0x00007ffd99b10000 - 0x00007ffd99b52000 	C:\WINDOWS\System32\cfgmgr32.dll
0x00007ffd962d0000 - 0x00007ffd962df000 	D:\AndroidStudio1\jre\jre\bin\verify.dll
0x00007ffd8f9f0000 - 0x00007ffd8fa19000 	D:\AndroidStudio1\jre\jre\bin\java.dll
0x00007ffd95eb0000 - 0x00007ffd95ec6000 	D:\AndroidStudio1\jre\jre\bin\zip.dll
0x00007ffd9b370000 - 0x00007ffd9c878000 	C:\WINDOWS\System32\SHELL32.dll
0x00007ffd9a000000 - 0x00007ffd9a6d8000 	C:\WINDOWS\System32\windows.storage.dll
0x00007ffd995f0000 - 0x00007ffd9963c000 	C:\WINDOWS\System32\powrprof.dll
0x00007ffd9aba0000 - 0x00007ffd9abf2000 	C:\WINDOWS\System32\shlwapi.dll
0x00007ffd99640000 - 0x00007ffd9964f000 	C:\WINDOWS\System32\kernel.appcore.dll
0x00007ffd998e0000 - 0x00007ffd99989000 	C:\WINDOWS\System32\shcore.dll
0x00007ffd995c0000 - 0x00007ffd995d4000 	C:\WINDOWS\System32\profapi.dll
0x00007ffd8f9d0000 - 0x00007ffd8f9ea000 	D:\AndroidStudio1\jre\jre\bin\net.dll
0x00007ffd8fe30000 - 0x00007ffd8fe50000 	C:\WINDOWS\system32\PrxerDrv.dll
0x00007ffd98ef0000 - 0x00007ffd98f4c000 	C:\WINDOWS\system32\mswsock.dll
0x00007ffd8f9b0000 - 0x00007ffd8f9c1000 	D:\AndroidStudio1\jre\jre\bin\nio.dll
0x00007ffd81920000 - 0x00007ffd8193e000 	C:\Users\zkt\.gradle\native\25\windows-amd64\native-platform.dll
0x00007ffd962c0000 - 0x00007ffd962cd000 	D:\AndroidStudio1\jre\jre\bin\management.dll
0x00007ffd99090000 - 0x00007ffd990a7000 	C:\WINDOWS\SYSTEM32\CRYPTSP.dll
0x00007ffd98af0000 - 0x00007ffd98b23000 	C:\WINDOWS\system32\rsaenh.dll
0x00007ffd991a0000 - 0x00007ffd991cb000 	C:\WINDOWS\SYSTEM32\bcrypt.dll
0x00007ffd98d70000 - 0x00007ffd98d8f000 	C:\WINDOWS\SYSTEM32\USERENV.dll
0x00007ffd990b0000 - 0x00007ffd990bb000 	C:\WINDOWS\SYSTEM32\CRYPTBASE.dll
0x00007ffd98c70000 - 0x00007ffd98ca8000 	C:\WINDOWS\SYSTEM32\IPHLPAPI.DLL
0x00007ffd9b360000 - 0x00007ffd9b368000 	C:\WINDOWS\System32\NSI.dll
0x00007ffd94fb0000 - 0x00007ffd94fc6000 	C:\WINDOWS\SYSTEM32\dhcpcsvc6.DLL
0x00007ffd95150000 - 0x00007ffd9516a000 	C:\WINDOWS\SYSTEM32\dhcpcsvc.DLL
0x00007ffd98390000 - 0x00007ffd983c2000 	C:\WINDOWS\SYSTEM32\ntmarta.dll
0x00007ffd82d50000 - 0x00007ffd82d74000 	D:\AndroidStudio1\jre\jre\bin\sunec.dll
0x00007ffd90450000 - 0x00007ffd9045b000 	D:\AndroidStudio1\jre\jre\bin\sunmscapi.dll
0x00007ffd99710000 - 0x00007ffd998d9000 	C:\WINDOWS\System32\CRYPT32.dll
0x00007ffd995e0000 - 0x00007ffd995f0000 	C:\WINDOWS\System32\MSASN1.dll
0x00007ffd90550000 - 0x00007ffd9056c000 	C:\WINDOWS\system32\PrxerNsp.dll
0x00007ffd98cb0000 - 0x00007ffd98d51000 	C:\WINDOWS\SYSTEM32\DNSAPI.dll
0x00007ffd898f0000 - 0x00007ffd898fa000 	C:\Windows\System32\rasadhlp.dll
0x00007ffd91970000 - 0x00007ffd919da000 	C:\WINDOWS\System32\fwpuclnt.dll
0x00007ffd7d6e0000 - 0x00007ffd7d875000 	D:\AndroidStudio1\jre\jre\bin\awt.dll
0x00007ffd9afb0000 - 0x00007ffd9b06f000 	C:\WINDOWS\System32\OLEAUT32.dll
0x00007ffd99670000 - 0x00007ffd9970c000 	C:\WINDOWS\System32\msvcp_win.dll
0x00007ffd91eb0000 - 0x00007ffd9240f000 	C:\WINDOWS\SYSTEM32\d2d1.dll
0x00007ffd97a10000 - 0x00007ffd97a8a000 	C:\WINDOWS\SYSTEM32\apphelp.dll
0x00007ffd976c0000 - 0x00007ffd976e6000 	C:\WINDOWS\system32\DWMAPI.DLL
0x00007ffd97d70000 - 0x00007ffd97e05000 	C:\WINDOWS\system32\uxtheme.dll
0x00007ffd90570000 - 0x00007ffd9058e000 	C:\Users\zkt\AppData\Local\Temp\native-platform3817834386107866660dir\native-platform.dll
0x00007ffd88d30000 - 0x00007ffd88ec2000 	C:\WINDOWS\SYSTEM32\dbghelp.dll

VM Arguments:
jvm_args: -Xmx1536m -Dfile.encoding=GBK -Duser.country=CN -Duser.language=zh -Duser.variant 
java_command: org.gradle.launcher.daemon.bootstrap.GradleDaemon 4.1
java_class_path (initial): C:\Users\zkt\.gradle\wrapper\dists\gradle-4.1-all\38gmb0xnu6gupohgu61ilzbig\gradle-4.1\lib\gradle-launcher-4.1.jar
Launcher Type: SUN_STANDARD

Environment Variables:
PATH=C:\Program Files (x86)\Intel\iCLS Client\;C:\Program Files\Intel\iCLS Client\;C:\Windows\system32;C:\Windows;C:\Windows\System32\Wbem;C:\Windows\System32\WindowsPowerShell\v1.0\;C:\Program Files (x86)\Intel\Intel(R) Management Engine Components\DAL;C:\Program Files\Intel\Intel(R) Management Engine Components\DAL;C:\Program Files (x86)\Intel\Intel(R) Management Engine Components\IPT;C:\Program Files\Intel\Intel(R) Management Engine Components\IPT;C:\Program Files (x86)\NVIDIA Corporation\PhysX\Common;C:\Program Files\Java\jdk1.8.0_111\bin;C:\Program Files\Intel\WiFi\bin\;C:\Program Files\Common Files\Intel\WirelessCommon\;C:\WINDOWS\system32;C:\WINDOWS;C:\WINDOWS\System32\Wbem;C:\WINDOWS\System32\WindowsPowerShell\v1.0\;D:\Git\bin\;D:\AndroidSDK\platform-tools\;C:\Program Files (x86)\GtkSharp\2.12\bin;D:\CocosFramework\frameworks\cocos2d-x-3.7.1;D:\svn\bin;D:\T_git\bin;D:\NodeJs\;D:\cocos2d-x_3.10\cocos2d-x-3.10\templates;D:\cocos2d-x_3.10\cocos2d-x-3.10\tools\cocos2d-console\bin;C:\Program Files\Intel\WiFi\bin\;C:\Program Files\Common Files\Intel\WirelessCommon\;C:\Users\zkt\AppData\Local\Microsoft\WindowsApps;D:\python_27\python27Install;D:\winrar;D:\cmder;C:\Users\zkt\AppData\Roaming\npm
USERNAME=zkt
OS=Windows_NT
PROCESSOR_IDENTIFIER=Intel64 Family 6 Model 78 Stepping 3, GenuineIntel



---------------  S Y S T E M  ---------------

OS: Windows 10.0 , 64 bit Build 14393 (10.0.14393.1198)

CPU:total 4 (initial active 4) (2 cores per cpu, 2 threads per core) family 6 model 78 stepping 3, cmov, cx8, fxsr, mmx, sse, sse2, sse3, ssse3, sse4.1, sse4.2, popcnt, avx, avx2, aes, clmul, erms, 3dnowpref, lzcnt, ht, tsc, tscinvbit, bmi1, bmi2, adx

Memory: 4k page, physical 16640608k(6176084k free), swap 19130976k(5838048k free)

vm_info: OpenJDK 64-Bit Server VM (25.152-b01) for windows-amd64 JRE (1.8.0_152-release-915-b01), built by "builder" with MS VC++ 10.0 (VS2010)

time: Mon Dec 25 18:46:50 2017
elapsed time: 8951 seconds (0d 2h 29m 11s)

