#
# A fatal error has been detected by the Java Runtime Environment:
#
#  EXCEPTION_ACCESS_VIOLATION (0xc0000005) at pc=0x00000000555bcd60, pid=12260, tid=0x0000000000000e90
#
# JRE version: OpenJDK Runtime Environment (8.0_152-b01) (build 1.8.0_152-release-915-b01)
# Java VM: OpenJDK 64-Bit Server VM (25.152-b01 mixed mode windows-amd64 compressed oops)
# Problematic frame:
# V  [jvm.dll+0x46cd60]
#
# Failed to write core dump. Minidumps are not enabled by default on client versions of Windows
#
# If you would like to submit a bug report, please visit:
#   http://bugreport.java.com/bugreport/crash.jsp
#

---------------  T H R E A D  ---------------

Current thread (0x0000000018f2b800):  JavaThread "C2 CompilerThread1" daemon [_thread_in_native, id=3728, stack(0x000000001a920000,0x000000001aa20000)]

siginfo: ExceptionCode=0xc0000005, reading address 0x0000000051914070

Registers:
RAX=0x0000000000000000, RBX=0x0000000028ac3810, RCX=0x0000000051914070, RDX=0x0000000000000000
RSP=0x000000001aa1c250, RBP=0x0000000000000014, RSI=0x00000000000000a0, RDI=0x000000001aa1c2a0
R8 =0x0000000000040000, R9 =0x000000001cb48940, R10=0x0000000055150000, R11=0x000000001aa1c170
R12=0x0000000055914070, R13=0x0000000055150000, R14=0x000000001f297e18, R15=0x00000000000003d8
RIP=0x00000000555bcd60, EFLAGS=0x0000000000010246

Top of Stack: (sp=0x000000001aa1c250)
0x000000001aa1c250:   000000001aa1ea30 0000000028cb5b50
0x000000001aa1c260:   fffffffffffffff8 0000000018e940c0
0x000000001aa1c270:   00000000000053d2 00000000555b7e2f
0x000000001aa1c280:   0000000028b6d8b0 0000000028ac3810
0x000000001aa1c290:   00000000000053d2 000000001aa1c380
0x000000001aa1c2a0:   00000aaa00000000 0000000000000006
0x000000001aa1c2b0:   0000000051914070 000000000000000b
0x000000001aa1c2c0:   000000001f354b50 0000000000000058
0x000000001aa1c2d0:   0000000028d9f390 000000001aa1c670
0x000000001aa1c2e0:   000000001f297a40 000000001aa1c670
0x000000001aa1c2f0:   000000001f297a30 0000000055584671
0x000000001aa1c300:   0000000000000000 000000001aa1c400
0x000000001aa1c310:   0000000000000000 0000000000000006
0x000000001aa1c320:   0000000000000002 000000001f297a30
0x000000001aa1c330:   000000001cb43760 000000001cb48a50
0x000000001aa1c340:   000000001cb4b748 0000000001ce3a00 

Instructions: (pc=0x00000000555bcd60)
0x00000000555bcd40:   48 8b 4f 20 48 39 04 0e 0f 84 9d 00 00 00 48 8b
0x00000000555bcd50:   0c 0e 33 d2 33 c0 48 89 4f 10 66 0f 1f 44 00 00
0x00000000555bcd60:   83 3c 08 00 0f 85 36 01 00 00 ff c2 48 83 c0 04
0x00000000555bcd70:   83 fa 08 72 eb 48 8b 47 30 48 89 44 24 30 48 85 


Register to memory mapping:

RAX=0x0000000000000000 is an unknown value
RBX=0x0000000028ac3810 is an unknown value
RCX=0x0000000051914070 is an unknown value
RDX=0x0000000000000000 is an unknown value
RSP=0x000000001aa1c250 is pointing into the stack for thread: 0x0000000018f2b800
RBP=0x0000000000000014 is an unknown value
RSI=0x00000000000000a0 is an unknown value
RDI=0x000000001aa1c2a0 is pointing into the stack for thread: 0x0000000018f2b800
R8 =0x0000000000040000 is an unknown value
R9 =0x000000001cb48940 is an unknown value
R10=0x0000000055150000 is an unknown value
R11=0x000000001aa1c170 is pointing into the stack for thread: 0x0000000018f2b800
R12=0x0000000055914070 is an unknown value
R13=0x0000000055150000 is an unknown value
R14=0x000000001f297e18 is an unknown value
R15=0x00000000000003d8 is an unknown value


Stack: [0x000000001a920000,0x000000001aa20000],  sp=0x000000001aa1c250,  free space=1008k
Native frames: (J=compiled Java code, j=interpreted, Vv=VM code, C=native code)
V  [jvm.dll+0x46cd60]
V  [jvm.dll+0x467e2f]
V  [jvm.dll+0x434671]
V  [jvm.dll+0x43f19b]
V  [jvm.dll+0x441a6e]
V  [jvm.dll+0x424b32]
V  [jvm.dll+0x80fa9]
V  [jvm.dll+0x818df]
V  [jvm.dll+0x21d06f]
V  [jvm.dll+0x26d4aa]
C  [msvcr100.dll+0x21d9f]
C  [msvcr100.dll+0x21e3b]
C  [KERNEL32.DLL+0x11fe4]
C  [ntdll.dll+0x6efb1]


Current CompileTask:
C2:2853217 21805       4       org.gradle.api.internal.artifacts.transform.DefaultArtifactTransforms$AttributeMatchingVariantSelector::doSelect (374 bytes)


---------------  P R O C E S S  ---------------

Java Threads: ( => current thread )
  0x000000001f489000 JavaThread "Keep-Alive-Timer" daemon [_thread_blocked, id=16312, stack(0x0000000032a50000,0x0000000032b50000)]
  0x000000001f485000 JavaThread "Cache worker for Java compile cache (D:\Android_Project\AndroidDemo\.gradle\4.1\javaCompile)" [_thread_blocked, id=1224, stack(0x0000000032750000,0x0000000032850000)]
  0x000000001b169000 JavaThread "RMI TCP Connection(32)-127.0.0.1" daemon [_thread_in_native, id=14440, stack(0x0000000032650000,0x0000000032750000)]
  0x000000001b16b000 JavaThread "Task worker for ':' Thread 3" [_thread_blocked, id=3064, stack(0x0000000032450000,0x0000000032550000)]
  0x000000001b160800 JavaThread "Task worker for ':' Thread 2" [_thread_blocked, id=14540, stack(0x0000000032350000,0x0000000032450000)]
  0x000000001b166800 JavaThread "Task worker for ':'" [_thread_in_native, id=14588, stack(0x0000000032250000,0x0000000032350000)]
  0x000000001b160000 JavaThread "Cache worker for task history cache (D:\Android_Project\AndroidDemo\.gradle\4.1\taskHistory)" [_thread_blocked, id=272, stack(0x0000000032150000,0x0000000032250000)]
  0x000000001b166000 JavaThread "Cache worker for file content cache (D:\Android_Project\AndroidDemo\.gradle\4.1\fileContent)" [_thread_blocked, id=16272, stack(0x0000000032050000,0x0000000032150000)]
  0x000000001b165000 JavaThread "build operations Thread 4" [_thread_blocked, id=752, stack(0x0000000031f50000,0x0000000032050000)]
  0x000000002089f000 JavaThread "build operations Thread 3" [_thread_blocked, id=6968, stack(0x0000000031e50000,0x0000000031f50000)]
  0x000000002089c000 JavaThread "build operations Thread 2" [_thread_blocked, id=12700, stack(0x0000000031d50000,0x0000000031e50000)]
  0x000000002089a800 JavaThread "build operations" [_thread_blocked, id=5412, stack(0x0000000031c50000,0x0000000031d50000)]
  0x0000000020899000 JavaThread "Cache worker for Artifact transforms cache (C:\Users\zkt\.gradle\caches\transforms-1)" [_thread_blocked, id=13812, stack(0x0000000031b50000,0x0000000031c50000)]
  0x0000000020891000 JavaThread "Cache worker for file hash cache (D:\Android_Project\AndroidDemo\.gradle\4.1\fileHashes)" [_thread_blocked, id=12160, stack(0x0000000031a50000,0x0000000031b50000)]
  0x0000000020897800 JavaThread "Stdin handler" [_thread_blocked, id=11876, stack(0x0000000031950000,0x0000000031a50000)]
  0x0000000020891800 JavaThread "Asynchronous log dispatcher for DefaultDaemonConnection: socket connection from /127.0.0.1:53437 to /127.0.0.1:59865" [_thread_blocked, id=4932, stack(0x0000000031850000,0x0000000031950000)]
  0x0000000020894800 JavaThread "Daemon worker Thread 4" [_thread_blocked, id=864, stack(0x0000000031750000,0x0000000031850000)]
  0x0000000020890000 JavaThread "Cancel handler" [_thread_blocked, id=16316, stack(0x0000000031650000,0x0000000031750000)]
  0x0000000020892800 JavaThread "Handler for socket connection from /127.0.0.1:53437 to /127.0.0.1:59865" [_thread_in_native, id=1916, stack(0x0000000031550000,0x0000000031650000)]
  0x0000000020894000 JavaThread "Daemon Thread 4" [_thread_blocked, id=964, stack(0x0000000031450000,0x0000000031550000)]
  0x000000001f48c800 JavaThread "pool-6-thread-2" [_thread_blocked, id=3156, stack(0x0000000030850000,0x0000000030950000)]
  0x000000002108c000 JavaThread "pool-6-thread-1" [_thread_blocked, id=15268, stack(0x000000002ea50000,0x000000002eb50000)]
  0x000000002108d800 JavaThread "RMI Reaper" [_thread_blocked, id=5096, stack(0x0000000027350000,0x0000000027450000)]
  0x000000001b16c800 JavaThread "RMI TCP Accept-0" daemon [_thread_in_native, id=10264, stack(0x0000000027250000,0x0000000027350000)]
  0x000000001b16c000 JavaThread "GC Daemon" daemon [_thread_blocked, id=9808, stack(0x0000000027150000,0x0000000027250000)]
  0x000000001b163800 JavaThread "RMI Scheduler(0)" daemon [_thread_blocked, id=12976, stack(0x0000000026f50000,0x0000000027050000)]
  0x000000001b163000 JavaThread "Memory manager" [_thread_blocked, id=12540, stack(0x00000000243f0000,0x00000000244f0000)]
  0x000000002108b000 JavaThread "pool-1-thread-1" [_thread_blocked, id=1008, stack(0x00000000240f0000,0x00000000241f0000)]
  0x000000001b8c2000 JavaThread "File lock request listener" [_thread_in_native, id=5200, stack(0x000000001e710000,0x000000001e810000)]
  0x000000001bcb0800 JavaThread "Cache worker for file hash cache (C:\Users\zkt\.gradle\caches\4.1\fileHashes)" [_thread_blocked, id=14304, stack(0x000000001e610000,0x000000001e710000)]
  0x000000001bf22000 JavaThread "Daemon periodic checks" [_thread_blocked, id=11348, stack(0x000000001db10000,0x000000001dc10000)]
  0x000000001c488000 JavaThread "Incoming local TCP Connector on port 53437" [_thread_in_native, id=13472, stack(0x000000001d6c0000,0x000000001d7c0000)]
  0x000000001a25a800 JavaThread "Service Thread" daemon [_thread_blocked, id=15144, stack(0x000000001ab20000,0x000000001ac20000)]
  0x000000001a22c800 JavaThread "C1 CompilerThread2" daemon [_thread_blocked, id=8656, stack(0x000000001aa20000,0x000000001ab20000)]
=>0x0000000018f2b800 JavaThread "C2 CompilerThread1" daemon [_thread_in_native, id=3728, stack(0x000000001a920000,0x000000001aa20000)]
  0x0000000018f28800 JavaThread "C2 CompilerThread0" daemon [_thread_blocked, id=4852, stack(0x000000001a820000,0x000000001a920000)]
  0x0000000018edc800 JavaThread "Attach Listener" daemon [_thread_blocked, id=2304, stack(0x000000001a720000,0x000000001a820000)]
  0x000000001a228800 JavaThread "Signal Dispatcher" daemon [_thread_blocked, id=9228, stack(0x000000001a620000,0x000000001a720000)]
  0x0000000018eb8800 JavaThread "Finalizer" daemon [_thread_blocked, id=13736, stack(0x000000001a120000,0x000000001a220000)]
  0x0000000005552000 JavaThread "Reference Handler" daemon [_thread_blocked, id=5448, stack(0x000000001a020000,0x000000001a120000)]
  0x000000000545e000 JavaThread "main" [_thread_blocked, id=6812, stack(0x0000000005280000,0x0000000005380000)]

Other Threads:
  0x0000000018e95000 VMThread [stack: 0x0000000019f20000,0x000000001a020000] [id=3672]
  0x000000001a25b800 WatcherThread [stack: 0x000000001ac20000,0x000000001ad20000] [id=108]

VM state:not at safepoint (normal execution)

VM Mutex/Monitor currently owned by a thread: None

Heap:
 PSYoungGen      total 349696K, used 230584K [0x00000000e0000000, 0x0000000100000000, 0x0000000100000000)
  eden space 175104K, 87% used [0x00000000e0000000,0x00000000e95561a8,0x00000000eab00000)
  from space 174592K, 44% used [0x00000000eab00000,0x00000000ef6d81f8,0x00000000f5580000)
  to   space 174592K, 0% used [0x00000000f5580000,0x00000000f5580000,0x0000000100000000)
 ParOldGen       total 523776K, used 171047K [0x00000000a0000000, 0x00000000bff80000, 0x00000000e0000000)
  object space 523776K, 32% used [0x00000000a0000000,0x00000000aa709e58,0x00000000bff80000)
 Metaspace       used 90267K, capacity 95294K, committed 98008K, reserved 1134592K
  class space    used 11135K, capacity 12263K, committed 12544K, reserved 1048576K

Card table byte_map: [0x0000000014920000,0x0000000014c30000] byte_map_base: 0x0000000014420000

Marking Bits: (ParMarkBitMap*) 0x0000000055913950
 Begin Bits: [0x0000000015230000, 0x0000000016a30000)
 End Bits:   [0x0000000016a30000, 0x0000000018230000)

Polling page: 0x0000000004da0000

CodeCache: size=245760Kb used=61571Kb max_used=61586Kb free=184188Kb
 bounds [0x0000000005560000, 0x00000000091f0000, 0x0000000014560000]
 total_blobs=17389 nmethods=16490 adapters=811
 compilation: enabled

Compilation events (10 events):
Event: 2852.584 Thread 0x0000000018f28800 21823       4       javassist.CtMember$Cache::addMethod (57 bytes)
Event: 2852.585 Thread 0x0000000018f28800 nmethod 21823 0x00000000091b1850 code [0x00000000091b1980, 0x00000000091b1a58]
Event: 2852.585 Thread 0x0000000018f28800 21824       4       org.codehaus.groovy.reflection.ParameterTypes::isValidMethod (77 bytes)
Event: 2852.590 Thread 0x0000000018f28800 nmethod 21824 0x00000000091c66d0 code [0x00000000091c6840, 0x00000000091c6af8]
Event: 2852.629 Thread 0x0000000018f28800 21825       4       javassist.bytecode.ConstPool::addItem (69 bytes)
Event: 2852.630 Thread 0x000000001a22c800 21826       1       javassist.bytecode.MethodrefInfo::getTag (3 bytes)
Event: 2852.630 Thread 0x000000001a22c800 nmethod 21826 0x00000000091c6410 code [0x00000000091c6560, 0x00000000091c6670]
Event: 2852.631 Thread 0x000000001a22c800 21827       3       javassist.bytecode.AttributeInfo::writeAll (40 bytes)
Event: 2852.632 Thread 0x000000001a22c800 nmethod 21827 0x00000000091cbd50 code [0x00000000091cbf20, 0x00000000091cc728]
Event: 2852.654 Thread 0x0000000018f28800 nmethod 21825 0x00000000091df1d0 code [0x00000000091df3e0, 0x00000000091e01c0]

GC Heap History (10 events):
Event: 1186.048 GC heap before
{Heap before GC invocations=25 (full 3):
 PSYoungGen      total 347136K, used 346969K [0x00000000e0000000, 0x0000000100000000, 0x0000000100000000)
  eden space 190464K, 100% used [0x00000000e0000000,0x00000000eba00000,0x00000000eba00000)
  from space 156672K, 99% used [0x00000000eba00000,0x00000000f52d6768,0x00000000f5300000)
  to   space 174592K, 0% used [0x00000000f5580000,0x00000000f5580000,0x0000000100000000)
 ParOldGen       total 296448K, used 213171K [0x00000000a0000000, 0x00000000b2180000, 0x00000000e0000000)
  object space 296448K, 71% used [0x00000000a0000000,0x00000000ad02cc90,0x00000000b2180000)
 Metaspace       used 92427K, capacity 97596K, committed 97752K, reserved 1134592K
  class space    used 11300K, capacity 12428K, committed 12544K, reserved 1048576K
Event: 1186.310 GC heap after
Heap after GC invocations=25 (full 3):
 PSYoungGen      total 349696K, used 167228K [0x00000000e0000000, 0x0000000100000000, 0x0000000100000000)
  eden space 175104K, 0% used [0x00000000e0000000,0x00000000e0000000,0x00000000eab00000)
  from space 174592K, 95% used [0x00000000f5580000,0x00000000ff8cf0b8,0x0000000100000000)
  to   space 174592K, 0% used [0x00000000eab00000,0x00000000eab00000,0x00000000f5580000)
 ParOldGen       total 296448K, used 258093K [0x00000000a0000000, 0x00000000b2180000, 0x00000000e0000000)
  object space 296448K, 87% used [0x00000000a0000000,0x00000000afc0b5f0,0x00000000b2180000)
 Metaspace       used 92427K, capacity 97596K, committed 97752K, reserved 1134592K
  class space    used 11300K, capacity 12428K, committed 12544K, reserved 1048576K
}
Event: 1186.310 GC heap before
{Heap before GC invocations=26 (full 4):
 PSYoungGen      total 349696K, used 167228K [0x00000000e0000000, 0x0000000100000000, 0x0000000100000000)
  eden space 175104K, 0% used [0x00000000e0000000,0x00000000e0000000,0x00000000eab00000)
  from space 174592K, 95% used [0x00000000f5580000,0x00000000ff8cf0b8,0x0000000100000000)
  to   space 174592K, 0% used [0x00000000eab00000,0x00000000eab00000,0x00000000f5580000)
 ParOldGen       total 296448K, used 258093K [0x00000000a0000000, 0x00000000b2180000, 0x00000000e0000000)
  object space 296448K, 87% used [0x00000000a0000000,0x00000000afc0b5f0,0x00000000b2180000)
 Metaspace       used 92427K, capacity 97596K, committed 97752K, reserved 1134592K
  class space    used 11300K, capacity 12428K, committed 12544K, reserved 1048576K
Event: 1187.277 GC heap after
Heap after GC invocations=26 (full 4):
 PSYoungGen      total 349696K, used 0K [0x00000000e0000000, 0x0000000100000000, 0x0000000100000000)
  eden space 175104K, 0% used [0x00000000e0000000,0x00000000e0000000,0x00000000eab00000)
  from space 174592K, 0% used [0x00000000f5580000,0x00000000f5580000,0x0000000100000000)
  to   space 174592K, 0% used [0x00000000eab00000,0x00000000eab00000,0x00000000f5580000)
 ParOldGen       total 523776K, used 163532K [0x00000000a0000000, 0x00000000bff80000, 0x00000000e0000000)
  object space 523776K, 31% used [0x00000000a0000000,0x00000000a9fb3188,0x00000000bff80000)
 Metaspace       used 88201K, capacity 93078K, committed 97752K, reserved 1134592K
  class space    used 11015K, capacity 12089K, committed 12544K, reserved 1048576K
}
Event: 1442.439 GC heap before
{Heap before GC invocations=27 (full 4):
 PSYoungGen      total 349696K, used 175104K [0x00000000e0000000, 0x0000000100000000, 0x0000000100000000)
  eden space 175104K, 100% used [0x00000000e0000000,0x00000000eab00000,0x00000000eab00000)
  from space 174592K, 0% used [0x00000000f5580000,0x00000000f5580000,0x0000000100000000)
  to   space 174592K, 0% used [0x00000000eab00000,0x00000000eab00000,0x00000000f5580000)
 ParOldGen       total 523776K, used 163532K [0x00000000a0000000, 0x00000000bff80000, 0x00000000e0000000)
  object space 523776K, 31% used [0x00000000a0000000,0x00000000a9fb3188,0x00000000bff80000)
 Metaspace       used 88508K, capacity 93450K, committed 98008K, reserved 1134592K
  class space    used 11033K, capacity 12119K, committed 12544K, reserved 1048576K
Event: 1442.462 GC heap after
Heap after GC invocations=27 (full 4):
 PSYoungGen      total 349696K, used 9128K [0x00000000e0000000, 0x0000000100000000, 0x0000000100000000)
  eden space 175104K, 0% used [0x00000000e0000000,0x00000000e0000000,0x00000000eab00000)
  from space 174592K, 5% used [0x00000000eab00000,0x00000000eb3ea340,0x00000000f5580000)
  to   space 174592K, 0% used [0x00000000f5580000,0x00000000f5580000,0x0000000100000000)
 ParOldGen       total 523776K, used 163540K [0x00000000a0000000, 0x00000000bff80000, 0x00000000e0000000)
  object space 523776K, 31% used [0x00000000a0000000,0x00000000a9fb5188,0x00000000bff80000)
 Metaspace       used 88508K, capacity 93450K, committed 98008K, reserved 1134592K
  class space    used 11033K, capacity 12119K, committed 12544K, reserved 1048576K
}
Event: 2845.091 GC heap before
{Heap before GC invocations=28 (full 4):
 PSYoungGen      total 349696K, used 184232K [0x00000000e0000000, 0x0000000100000000, 0x0000000100000000)
  eden space 175104K, 100% used [0x00000000e0000000,0x00000000eab00000,0x00000000eab00000)
  from space 174592K, 5% used [0x00000000eab00000,0x00000000eb3ea340,0x00000000f5580000)
  to   space 174592K, 0% used [0x00000000f5580000,0x00000000f5580000,0x0000000100000000)
 ParOldGen       total 523776K, used 163540K [0x00000000a0000000, 0x00000000bff80000, 0x00000000e0000000)
  object space 523776K, 31% used [0x00000000a0000000,0x00000000a9fb5188,0x00000000bff80000)
 Metaspace       used 88984K, capacity 93950K, committed 98008K, reserved 1134592K
  class space    used 11080K, capacity 12199K, committed 12544K, reserved 1048576K
Event: 2845.134 GC heap after
Heap after GC invocations=28 (full 4):
 PSYoungGen      total 349696K, used 28643K [0x00000000e0000000, 0x0000000100000000, 0x0000000100000000)
  eden space 175104K, 0% used [0x00000000e0000000,0x00000000e0000000,0x00000000eab00000)
  from space 174592K, 16% used [0x00000000f5580000,0x00000000f7178c08,0x0000000100000000)
  to   space 174592K, 0% used [0x00000000eab00000,0x00000000eab00000,0x00000000f5580000)
 ParOldGen       total 523776K, used 163548K [0x00000000a0000000, 0x00000000bff80000, 0x00000000e0000000)
  object space 523776K, 31% used [0x00000000a0000000,0x00000000a9fb7188,0x00000000bff80000)
 Metaspace       used 88984K, capacity 93950K, committed 98008K, reserved 1134592K
  class space    used 11080K, capacity 12199K, committed 12544K, reserved 1048576K
}
Event: 2848.265 GC heap before
{Heap before GC invocations=29 (full 4):
 PSYoungGen      total 349696K, used 203747K [0x00000000e0000000, 0x0000000100000000, 0x0000000100000000)
  eden space 175104K, 100% used [0x00000000e0000000,0x00000000eab00000,0x00000000eab00000)
  from space 174592K, 16% used [0x00000000f5580000,0x00000000f7178c08,0x0000000100000000)
  to   space 174592K, 0% used [0x00000000eab00000,0x00000000eab00000,0x00000000f5580000)
 ParOldGen       total 523776K, used 163548K [0x00000000a0000000, 0x00000000bff80000, 0x00000000e0000000)
  object space 523776K, 31% used [0x00000000a0000000,0x00000000a9fb7188,0x00000000bff80000)
 Metaspace       used 90221K, capacity 95294K, committed 98008K, reserved 1134592K
  class space    used 11135K, capacity 12263K, committed 12544K, reserved 1048576K
Event: 2848.391 GC heap after
Heap after GC invocations=29 (full 4):
 PSYoungGen      total 349696K, used 77664K [0x00000000e0000000, 0x0000000100000000, 0x0000000100000000)
  eden space 175104K, 0% used [0x00000000e0000000,0x00000000e0000000,0x00000000eab00000)
  from space 174592K, 44% used [0x00000000eab00000,0x00000000ef6d81f8,0x00000000f5580000)
  to   space 174592K, 0% used [0x00000000f5580000,0x00000000f5580000,0x0000000100000000)
 ParOldGen       total 523776K, used 171047K [0x00000000a0000000, 0x00000000bff80000, 0x00000000e0000000)
  object space 523776K, 32% used [0x00000000a0000000,0x00000000aa709e58,0x00000000bff80000)
 Metaspace       used 90221K, capacity 95294K, committed 98008K, reserved 1134592K
  class space    used 11135K, capacity 12263K, committed 12544K, reserved 1048576K
}

Deoptimization events (10 events):
Event: 2840.391 Thread 0x0000000020894800 Uncommon trap: reason=class_check action=maybe_recompile pc=0x0000000005fb961c method=org.codehaus.groovy.runtime.callsite.PogoMetaClassSite.call(Ljava/lang/Object;[Ljava/lang/Object;)Ljava/lang/Object; @ 18
Event: 2840.419 Thread 0x0000000020894800 Uncommon trap: reason=null_check action=make_not_entrant pc=0x00000000067297f8 method=org.codehaus.groovy.runtime.typehandling.DefaultTypeTransformation.castToType(Ljava/lang/Object;Ljava/lang/Class;)Ljava/lang/Object; @ 65
Event: 2841.212 Thread 0x000000001b166800 Uncommon trap: reason=array_check action=maybe_recompile pc=0x000000000902d7ac method=java.util.TimSort.reverseRange([Ljava/lang/Object;II)V @ 20
Event: 2841.346 Thread 0x000000001b166800 Uncommon trap: reason=array_check action=maybe_recompile pc=0x000000000902d7ac method=java.util.TimSort.reverseRange([Ljava/lang/Object;II)V @ 20
Event: 2841.374 Thread 0x000000001b166800 Uncommon trap: reason=array_check action=maybe_recompile pc=0x000000000902d7ac method=java.util.TimSort.reverseRange([Ljava/lang/Object;II)V @ 20
Event: 2841.400 Thread 0x000000001b166800 Uncommon trap: reason=array_check action=maybe_recompile pc=0x000000000902d7ac method=java.util.TimSort.reverseRange([Ljava/lang/Object;II)V @ 20
Event: 2851.367 Thread 0x000000001b160800 Uncommon trap: reason=unstable_if action=reinterpret pc=0x0000000005abb994 method=java.lang.ref.SoftReference.get()Ljava/lang/Object; @ 6
Event: 2851.551 Thread 0x000000001b160800 Uncommon trap: reason=array_check action=maybe_recompile pc=0x00000000090afee0 method=java.util.TimSort.reverseRange([Ljava/lang/Object;II)V @ 27
Event: 2851.562 Thread 0x000000001b160800 Uncommon trap: reason=array_check action=maybe_recompile pc=0x00000000090afee0 method=java.util.TimSort.reverseRange([Ljava/lang/Object;II)V @ 27
Event: 2852.424 Thread 0x000000001b166800 Uncommon trap: reason=predicate action=maybe_recompile pc=0x0000000006f1b0a8 method=java.util.ComparableTimSort.reverseRange([Ljava/lang/Object;II)V @ 8

Classes redefined (0 events):
No events

Internal exceptions (10 events):
Event: 2839.180 Thread 0x0000000020894800 Exception <a 'java/lang/ClassNotFoundException': sync_local_repo6106_egucsivs0wq2ijq9vsjv90v2aBeanInfo> (0x00000000e11f37d8) thrown at [D:\src\AOSP-openjdk-cygwin\jdk8u\hotspot\src\share\vm\classfile\systemDictionary.cpp, line 210]
Event: 2839.181 Thread 0x0000000020894800 Exception <a 'java/lang/ClassNotFoundException': sync_local_repo6106_egucsivs0wq2ijq9vsjv90v2aCustomizer> (0x00000000e11fe250) thrown at [D:\src\AOSP-openjdk-cygwin\jdk8u\hotspot\src\share\vm\classfile\systemDictionary.cpp, line 210]
Event: 2840.062 Thread 0x0000000020894800 Exception <a 'sun/nio/fs/WindowsException'> (0x00000000e4401c10) thrown at [D:\src\AOSP-openjdk-cygwin\jdk8u\hotspot\src\share\vm\prims\jni.cpp, line 709]
Event: 2842.289 Thread 0x000000001b168000 Exception <a 'java/lang/InterruptedException'> (0x00000000e7d1a828) thrown at [D:\src\AOSP-openjdk-cygwin\jdk8u\hotspot\src\share\vm\runtime\objectMonitor.cpp, line 1684]
Event: 2851.367 Thread 0x000000001b160800 Implicit null exception at 0x0000000005aba7ba to 0x0000000005abb971
Event: 2852.402 Thread 0x000000001b166800 Exception <a 'java/lang/reflect/InvocationTargetException'> (0x00000000e8da17f0) thrown at [D:\src\AOSP-openjdk-cygwin\jdk8u\hotspot\src\share\vm\runtime\reflection.cpp, line 1092]
Event: 2852.420 Thread 0x000000001b166800 Exception <a 'java/io/FileNotFoundException'> (0x00000000e8e10478) thrown at [D:\src\AOSP-openjdk-cygwin\jdk8u\hotspot\src\share\vm\prims\jni.cpp, line 709]
Event: 2852.421 Thread 0x000000001b166800 Exception <a 'java/io/FileNotFoundException'> (0x00000000e8e11298) thrown at [D:\src\AOSP-openjdk-cygwin\jdk8u\hotspot\src\share\vm\prims\jni.cpp, line 709]
Event: 2852.423 Thread 0x000000001b166800 Exception <a 'java/io/FileNotFoundException'> (0x00000000e8e29138) thrown at [D:\src\AOSP-openjdk-cygwin\jdk8u\hotspot\src\share\vm\prims\jni.cpp, line 709]
Event: 2852.424 Thread 0x000000001b166800 Exception <a 'java/io/FileNotFoundException'> (0x00000000e8e2a1f0) thrown at [D:\src\AOSP-openjdk-cygwin\jdk8u\hotspot\src\share\vm\prims\jni.cpp, line 709]

Events (10 events):
Event: 2851.465 Executing VM operation: RevokeBias done
Event: 2851.551 Thread 0x000000001b160800 Uncommon trap: trap_request=0xffffffd6 fr.pc=0x00000000090afee0
Event: 2851.551 Thread 0x000000001b160800 DEOPT PACKING pc=0x00000000090afee0 sp=0x000000003244e170
Event: 2851.551 Thread 0x000000001b160800 DEOPT UNPACKING pc=0x00000000055a556a sp=0x000000003244dfe0 mode 2
Event: 2851.562 Thread 0x000000001b160800 Uncommon trap: trap_request=0xffffffd6 fr.pc=0x00000000090afee0
Event: 2851.562 Thread 0x000000001b160800 DEOPT PACKING pc=0x00000000090afee0 sp=0x000000003244e170
Event: 2851.562 Thread 0x000000001b160800 DEOPT UNPACKING pc=0x00000000055a556a sp=0x000000003244dfe0 mode 2
Event: 2852.424 Thread 0x000000001b166800 Uncommon trap: trap_request=0xffffff86 fr.pc=0x0000000006f1b0a8
Event: 2852.424 Thread 0x000000001b166800 DEOPT PACKING pc=0x0000000006f1b0a8 sp=0x000000003234bfb0
Event: 2852.424 Thread 0x000000001b166800 DEOPT UNPACKING pc=0x00000000055a556a sp=0x000000003234bef0 mode 2


Dynamic libraries:
0x00007ff63ee50000 - 0x00007ff63ee81000 	D:\AndroidStudio1\jre\bin\java.exe
0x00007fffe1e90000 - 0x00007fffe2070000 	C:\WINDOWS\SYSTEM32\ntdll.dll
0x00007fffe1010000 - 0x00007fffe10be000 	C:\WINDOWS\System32\KERNEL32.DLL
0x00007fffde7e0000 - 0x00007fffdea46000 	C:\WINDOWS\System32\KERNELBASE.dll
0x00007fffdf830000 - 0x00007fffdf8d1000 	C:\WINDOWS\System32\ADVAPI32.dll
0x00007fffe1c00000 - 0x00007fffe1c9d000 	C:\WINDOWS\System32\msvcrt.dll
0x00007fffdf5c0000 - 0x00007fffdf61b000 	C:\WINDOWS\System32\sechost.dll
0x00007fffe19b0000 - 0x00007fffe1acf000 	C:\WINDOWS\System32\RPCRT4.dll
0x00007fffe0e80000 - 0x00007fffe100f000 	C:\WINDOWS\System32\USER32.dll
0x00007fffdf1a0000 - 0x00007fffdf1c0000 	C:\WINDOWS\System32\win32u.dll
0x00007fffe1d10000 - 0x00007fffe1d38000 	C:\WINDOWS\System32\GDI32.dll
0x00007fffdf1c0000 - 0x00007fffdf353000 	C:\WINDOWS\System32\gdi32full.dll
0x00007fffde690000 - 0x00007fffde72b000 	C:\WINDOWS\System32\msvcp_win.dll
0x00007fffde530000 - 0x00007fffde626000 	C:\WINDOWS\System32\ucrtbase.dll
0x00007fffd0b20000 - 0x00007fffd0d89000 	C:\WINDOWS\WinSxS\amd64_microsoft.windows.common-controls_6595b64144ccf1df_6.0.16299.192_none_15c8cdae9364c23b\COMCTL32.dll
0x00007fffe10c0000 - 0x00007fffe13c8000 	C:\WINDOWS\System32\combase.dll
0x00007fffde290000 - 0x00007fffde302000 	C:\WINDOWS\System32\bcryptPrimitives.dll
0x00007fffe1880000 - 0x00007fffe18ad000 	C:\WINDOWS\System32\IMM32.DLL
0x00007fffde170000 - 0x00007fffde1de000 	C:\WINDOWS\System32\dtrampo.dll
0x0000000056ff0000 - 0x00000000570c2000 	D:\AndroidStudio1\jre\jre\bin\msvcr100.dll
0x0000000055150000 - 0x000000005598e000 	D:\AndroidStudio1\jre\jre\bin\server\jvm.dll
0x00000000035e0000 - 0x00000000035e8000 	C:\WINDOWS\System32\PSAPI.DLL
0x00007fffcecf0000 - 0x00007fffcecf9000 	C:\WINDOWS\SYSTEM32\WSOCK32.dll
0x00007fffe1ca0000 - 0x00007fffe1d0c000 	C:\WINDOWS\System32\WS2_32.dll
0x00007fffdaee0000 - 0x00007fffdaf03000 	C:\WINDOWS\SYSTEM32\WINMM.dll
0x00007fffd0950000 - 0x00007fffd095a000 	C:\WINDOWS\SYSTEM32\VERSION.dll
0x00007fffdae40000 - 0x00007fffdae6a000 	C:\WINDOWS\SYSTEM32\WINMMBASE.dll
0x00007fffde310000 - 0x00007fffde35a000 	C:\WINDOWS\System32\cfgmgr32.dll
0x00007fffdade0000 - 0x00007fffdadef000 	D:\AndroidStudio1\jre\jre\bin\verify.dll
0x00007fffdadb0000 - 0x00007fffdadd9000 	D:\AndroidStudio1\jre\jre\bin\java.dll
0x00007fffd9e60000 - 0x00007fffd9e76000 	D:\AndroidStudio1\jre\jre\bin\zip.dll
0x00007fffdf8f0000 - 0x00007fffe0d26000 	C:\WINDOWS\System32\SHELL32.dll
0x00007fffdf360000 - 0x00007fffdf406000 	C:\WINDOWS\System32\shcore.dll
0x00007fffdea50000 - 0x00007fffdf197000 	C:\WINDOWS\System32\windows.storage.dll
0x00007fffe1ad0000 - 0x00007fffe1b21000 	C:\WINDOWS\System32\shlwapi.dll
0x00007fffde1e0000 - 0x00007fffde1f1000 	C:\WINDOWS\System32\kernel.appcore.dll
0x00007fffde220000 - 0x00007fffde26c000 	C:\WINDOWS\System32\powrprof.dll
0x00007fffde200000 - 0x00007fffde21b000 	C:\WINDOWS\System32\profapi.dll
0x00007fffd9e40000 - 0x00007fffd9e5a000 	D:\AndroidStudio1\jre\jre\bin\net.dll
0x00007fffdda00000 - 0x00007fffdda66000 	C:\WINDOWS\system32\mswsock.dll
0x00007fffd9de0000 - 0x00007fffd9df1000 	D:\AndroidStudio1\jre\jre\bin\nio.dll
0x00007fffc7eb0000 - 0x00007fffc7ece000 	C:\Users\zkt\.gradle\native\25\windows-amd64\native-platform.dll
0x00007fffd9f10000 - 0x00007fffd9f1d000 	D:\AndroidStudio1\jre\jre\bin\management.dll
0x00007fffddbc0000 - 0x00007fffddbd7000 	C:\WINDOWS\SYSTEM32\CRYPTSP.dll
0x00007fffdd610000 - 0x00007fffdd643000 	C:\WINDOWS\system32\rsaenh.dll
0x00007fffddcd0000 - 0x00007fffddcf5000 	C:\WINDOWS\SYSTEM32\bcrypt.dll
0x00007fffde0a0000 - 0x00007fffde0c9000 	C:\WINDOWS\SYSTEM32\USERENV.dll
0x00007fffddbe0000 - 0x00007fffddbeb000 	C:\WINDOWS\SYSTEM32\CRYPTBASE.dll
0x00007fffdd790000 - 0x00007fffdd7c9000 	C:\WINDOWS\SYSTEM32\IPHLPAPI.DLL
0x00007fffdf8e0000 - 0x00007fffdf8e8000 	C:\WINDOWS\System32\NSI.dll
0x00007fffd8db0000 - 0x00007fffd8dc6000 	C:\WINDOWS\SYSTEM32\dhcpcsvc6.DLL
0x00007fffd8e40000 - 0x00007fffd8e5a000 	C:\WINDOWS\SYSTEM32\dhcpcsvc.DLL
0x00007fffd9d70000 - 0x00007fffd9d8e000 	C:\Users\zkt\AppData\Local\Temp\native-platform5024241187134750315dir\native-platform.dll
0x00007fffc79f0000 - 0x00007fffc7a14000 	D:\AndroidStudio1\jre\jre\bin\sunec.dll
0x00007fffd6b70000 - 0x00007fffd6b7b000 	D:\AndroidStudio1\jre\jre\bin\sunmscapi.dll
0x00007fffde360000 - 0x00007fffde52e000 	C:\WINDOWS\System32\CRYPT32.dll
0x00007fffde270000 - 0x00007fffde282000 	C:\WINDOWS\System32\MSASN1.dll
0x00007fffdd7d0000 - 0x00007fffdd886000 	C:\WINDOWS\SYSTEM32\DNSAPI.dll
0x00007fffd4c60000 - 0x00007fffd4c6a000 	C:\Windows\System32\rasadhlp.dll
0x00007fffd4e60000 - 0x00007fffd4ed0000 	C:\WINDOWS\System32\fwpuclnt.dll
0x00007fffd4c70000 - 0x00007fffd4e38000 	C:\WINDOWS\SYSTEM32\dbghelp.dll

VM Arguments:
jvm_args: -Xmx1536m -Dfile.encoding=GBK -Duser.country=CN -Duser.language=zh -Duser.variant 
java_command: org.gradle.launcher.daemon.bootstrap.GradleDaemon 4.1
java_class_path (initial): D:\AndroidStudio1\gradle\gradle-4.1\lib\gradle-launcher-4.1.jar
Launcher Type: SUN_STANDARD

Environment Variables:
PATH=C:\Program Files (x86)\Intel\iCLS Client\;C:\Program Files\Intel\iCLS Client\;C:\Windows\system32;C:\Windows;C:\Windows\System32\Wbem;C:\Windows\System32\WindowsPowerShell\v1.0\;C:\Program Files (x86)\Intel\Intel(R) Management Engine Components\DAL;C:\Program Files\Intel\Intel(R) Management Engine Components\DAL;C:\Program Files (x86)\Intel\Intel(R) Management Engine Components\IPT;C:\Program Files\Intel\Intel(R) Management Engine Components\IPT;C:\Program Files (x86)\NVIDIA Corporation\PhysX\Common;C:\Program Files\Java\jdk1.8.0_111\bin;C:\Program Files\Intel\WiFi\bin\;C:\Program Files\Common Files\Intel\WirelessCommon\;C:\WINDOWS\system32;C:\WINDOWS;C:\WINDOWS\System32\Wbem;C:\WINDOWS\System32\WindowsPowerShell\v1.0\;D:\Git\bin\;D:\AndroidSDK\platform-tools\;C:\Program Files (x86)\GtkSharp\2.12\bin;D:\CocosFramework\frameworks\cocos2d-x-3.7.1;D:\svn\bin;D:\T_git\bin;D:\NodeJs\;D:\cocos2d-x_3.10\cocos2d-x-3.10\templates;D:\cocos2d-x_3.10\cocos2d-x-3.10\tools\cocos2d-console\bin;C:\Program Files\Intel\WiFi\bin\;C:\Program Files\Common Files\Intel\WirelessCommon\;C:\Users\zkt\AppData\Local\Microsoft\WindowsApps;D:\python_27\python27Install;D:\winrar;D:\cmder;C:\Users\zkt\AppData\Roaming\npm;
USERNAME=zkt
OS=Windows_NT
PROCESSOR_IDENTIFIER=Intel64 Family 6 Model 78 Stepping 3, GenuineIntel



---------------  S Y S T E M  ---------------

OS: Windows 10.0 , 64 bit Build 16299 (10.0.16299.15)

CPU:total 4 (initial active 4) (2 cores per cpu, 2 threads per core) family 6 model 78 stepping 3, cmov, cx8, fxsr, mmx, sse, sse2, sse3, ssse3, sse4.1, sse4.2, popcnt, avx, avx2, aes, clmul, erms, 3dnowpref, lzcnt, ht, tsc, tscinvbit, bmi1, bmi2, adx

Memory: 4k page, physical 16640608k(8487640k free), swap 19130976k(6763628k free)

vm_info: OpenJDK 64-Bit Server VM (25.152-b01) for windows-amd64 JRE (1.8.0_152-release-915-b01), built by "builder" with MS VC++ 10.0 (VS2010)

time: Tue Jan 23 19:41:12 2018
elapsed time: 2852 seconds (0d 0h 47m 32s)

